[INFO] Scanning for projects...
[INFO] 
[INFO] ----------------< com.OrtegaAlvaro:ClinicaVeterinaria >-----------------
[INFO] Building ClinicaVeterinaria 0.0.1-SNAPSHOT
[INFO]   from pom.xml
[INFO] --------------------------------[ jar ]---------------------------------
[INFO] 
[INFO] --- resources:3.3.1:resources (default-resources) @ ClinicaVeterinaria ---
[INFO] Copying 1 resource from src\main\resources to target\classes
[INFO] Copying 2 resources from src\main\resources to target\classes
[INFO] 
[INFO] --- compiler:3.14.1:compile (default-compile) @ ClinicaVeterinaria ---
[INFO] Recompiling the module because of changed source code.
[INFO] Compiling 43 source files with javac [debug parameters release 21] to target\classes
[INFO] /E:/Cosas/Programacion/FP/sb_AlvaroOrtegaBenitez/ClinicaVeterinaria/src/main/java/com/OrtegaAlvaro/ClinicaVeterinaria/security/JwtAuthFilter.java: E:\Cosas\Programacion\FP\sb_AlvaroOrtegaBenitez\ClinicaVeterinaria\src\main\java\com\OrtegaAlvaro\ClinicaVeterinaria\security\JwtAuthFilter.java uses or overrides a deprecated API.
[INFO] /E:/Cosas/Programacion/FP/sb_AlvaroOrtegaBenitez/ClinicaVeterinaria/src/main/java/com/OrtegaAlvaro/ClinicaVeterinaria/security/JwtAuthFilter.java: Recompile with -Xlint:deprecation for details.
[INFO] -------------------------------------------------------------
[ERROR] COMPILATION ERROR : 
[INFO] -------------------------------------------------------------
[ERROR] /E:/Cosas/Programacion/FP/sb_AlvaroOrtegaBenitez/ClinicaVeterinaria/src/main/java/com/OrtegaAlvaro/ClinicaVeterinaria/config/SecurityConfig.java:[62,50] constructor DaoAuthenticationProvider in class org.springframework.security.authentication.dao.DaoAuthenticationProvider cannot be applied to given types;
  required: org.springframework.security.core.userdetails.UserDetailsService
  found:    no arguments
  reason: actual and formal argument lists differ in length
[ERROR] /E:/Cosas/Programacion/FP/sb_AlvaroOrtegaBenitez/ClinicaVeterinaria/src/main/java/com/OrtegaAlvaro/ClinicaVeterinaria/config/SecurityConfig.java:[63,21] cannot find symbol
  symbol:   method setUserDetailsService(org.springframework.security.core.userdetails.UserDetailsService)
  location: variable authProvider of type org.springframework.security.authentication.dao.DaoAuthenticationProvider
[INFO] 2 errors 
[INFO] -------------------------------------------------------------
[INFO] ------------------------------------------------------------------------
[INFO] BUILD FAILURE
[INFO] ------------------------------------------------------------------------
[INFO] Total time:  3.638 s
[INFO] Finished at: 2026-02-20T14:07:10+01:00
[INFO] ------------------------------------------------------------------------
[ERROR] Failed to execute goal org.apache.maven.plugins:maven-compiler-plugin:3.14.1:compile (default-compile) on project ClinicaVeterinaria: Compilation failure: Compilation failure: 
[ERROR] /E:/Cosas/Programacion/FP/sb_AlvaroOrtegaBenitez/ClinicaVeterinaria/src/main/java/com/OrtegaAlvaro/ClinicaVeterinaria/config/SecurityConfig.java:[62,50] constructor DaoAuthenticationProvider in class org.springframework.security.authentication.dao.DaoAuthenticationProvider cannot be applied to given types;
[ERROR]   required: org.springframework.security.core.userdetails.UserDetailsService
[ERROR]   found:    no arguments
[ERROR]   reason: actual and formal argument lists differ in length
[ERROR] /E:/Cosas/Programacion/FP/sb_AlvaroOrtegaBenitez/ClinicaVeterinaria/src/main/java/com/OrtegaAlvaro/ClinicaVeterinaria/config/SecurityConfig.java:[63,21] cannot find symbol
[ERROR]   symbol:   method setUserDetailsService(org.springframework.security.core.userdetails.UserDetailsService)
[ERROR]   location: variable authProvider of type org.springframework.security.authentication.dao.DaoAuthenticationProvider
[ERROR] -> [Help 1]
[ERROR] 
[ERROR] To see the full stack trace of the errors, re-run Maven with the -e switch.
[ERROR] Re-run Maven using the -X switch to enable full debug logging.
[ERROR] 
[ERROR] For more information about the errors and possible solutions, please read the following articles:
[ERROR] [Help 1] http://cwiki.apache.org/confluence/display/MAVEN/MojoFailureException
